<?xml version="1.0" encoding="UTF-8"?>
<testsuite name="com.nukethemoon.ani.tools.test.TestGeneralAnimation" tests="3" skipped="0" failures="0" errors="0" timestamp="2015-07-09T09:39:38" hostname="Zählwerk" time="1.434">
  <properties/>
  <testcase name="testLoops" classname="com.nukethemoon.ani.tools.test.TestGeneralAnimation" time="0.211"/>
  <testcase name="testAnimationDuration" classname="com.nukethemoon.ani.tools.test.TestGeneralAnimation" time="0.014"/>
  <testcase name="testPauseAndResume" classname="com.nukethemoon.ani.tools.test.TestGeneralAnimation" time="1.208"/>
  <system-out><![CDATA[]]></system-out>
  <system-err><![CDATA[]]></system-err>
</testsuite>
